Script started on 2023-01-27 10:53:55+05:00 [TERM="xterm-256color" TTY="/dev/pts/1" COLUMNS="168" LINES="45"]
]0;student@student-OptiPlex-7090: ~[01;32mstudent@student-OptiPlex-7090[00m:[01;34m~[00m$ tree
[01;34m.[00m
├── [01;34m1[00m
│   ├── e
│   ├── g
│   ├── i
│   ├── n
│   └── r.txt
├── [01;34mDesktop[00m
│   ├── 114
│   ├── 638
│   ├── [01;34mcat[00m
│   │   ├── saa.cpp
│   │   └── s.txt
│   ├── labtask03.txt
│   ├── newfile.txt
│   ├── task02.log
│   └── task03.txt
├── [01;34mDocuments[00m
│   └── newfile.txt
├── [01;34mDownloads[00m
│   ├── [01;31m91460902-main.zip[00m
│   ├── [01;31mnetwork_project-main.zip[00m
│   ├── SQopGx (1).docx
│   └── SQopGx.docx
├── has
├── has1.txt
├── haseeb
├── haseeb001.txt
├── haseeb011.txt
├── haseeb01.txt
├── [01;34mLab[00m
├── [01;34mMusic[00m
├── n
├── [01;34mPictures[00m
│   ├── [01;35mScreenshot from 2023-01-27 10-11-28.png[00m
│   ├── [01;35mScreenshot from 2023-01-27 10-11-40.png[00m
│   ├── [01;35mScreenshot from 2023-01-27 10-11-50.png[00m
│   ├── [01;35mScreenshot from 2023-01-27 10-11-55.png[00m
│   └── [01;35mScreenshot from 2023-01-27 10-12-01.png[00m
├── [01;34mPublic[00m
│   └── [01;34mSaad[00m
├── screen.log
├── [01;34msnap[00m
│   ├── [01;34mcode[00m
│   │   ├── [01;34m116[00m
│   │   ├── [01;34m117[00m
│   │   ├── [01;34mcommon[00m
│   │   └── [40;31;01mcurrent[00m -> [00m114[00m
│   └── [01;34msnap-store[00m
│       ├── [01;34m599[00m
│       ├── [01;34m638[00m
│       ├── [01;34mcommon[00m
│       └── [01;36mcurrent[00m -> [01;34m638[00m
├── task02.log
├── task03.log
├── [01;34mTemplates[00m
└── [01;34mVideos[00m

22 directories, 34 files
]0;student@student-OptiPlex-7090: ~[01;32mstudent@student-OptiPlex-7090[00m:[01;34m~[00m$ exit
exit

Script done on 2023-01-27 10:53:59+05:00 [COMMAND_EXIT_CODE="0"]
